(0000) 3000  0011000000000000 (  13)                 .ORIG x3000
(3000) 5020  0101000000100000 (  18) START           AND   R0 R0 #0
(3001) 5220  0101001000100000 (  19)                 AND   R1 R0 #0
(3002) 5420  0101010000100000 (  20)                 AND   R2 R0 #0
(3003) 5620  0101011000100000 (  21)                 AND   R3 R0 #0
(3004) 5820  0101100000100000 (  22)                 AND   R4 R0 #0
(3005) 5A20  0101101000100000 (  23)                 AND   R5 R0 #0
(3006) 5C20  0101110000100000 (  24)                 AND   R6 R0 #0
(3007) E07D  1110000001111101 (  27)                 LEA   R0 NEWLINE
(3008) F022  1111000000100010 (  28)                 TRAP  x22
(3009) E034  1110000000110100 (  31)                 LEA   R0 GREETING
(300A) F022  1111000000100010 (  32)                 TRAP  x22
(300B) F020  1111000000100000 (  36)                 TRAP  x20
(300C) F021  1111000000100001 (  37)                 TRAP  x21
(300D) 2AAC  0010101010101100 (  40)                 LD    R5 NEG48
(300E) 1005  0001000000000101 (  41)                 ADD   R0 R0 R5
(300F) 30AC  0011000010101100 (  46)                 ST    R0 USERINPUT
(3010) E074  1110000001110100 (  49)                 LEA   R0 NEWLINE
(3011) F022  1111000000100010 (  50)                 TRAP  x22
(3012) E04B  1110000001001011 (  53)                 LEA   R0 GREETING2
(3013) F022  1111000000100010 (  54)                 TRAP  x22
(3014) F020  1111000000100000 (  58)                 TRAP  x20
(3015) F021  1111000000100001 (  59)                 TRAP  x21
(3016) 1005  0001000000000101 (  62)                 ADD   R0 R0 R5
(3017) 30A5  0011000010100101 (  67)                 ST    R0 USERINPUT2
(3018) 2CA2  0010110010100010 (  70)                 LD    R6 POS48
(3019) E06B  1110000001101011 (  73)                 LEA   R0 NEWLINE
(301A) F022  1111000000100010 (  74)                 TRAP  x22
(301B) 48A8  0100100010101000 (  77)                 JSR   SUB
(301C) E06A  1110000001101010 (  80)                 LEA   R0 SUBTRACTION
(301D) F022  1111000000100010 (  81)                 TRAP  x22
(301E) 20A0  0010000010100000 (  82)                 LD    R0 SUBLOC
(301F) F021  1111000000100001 (  83)                 TRAP  x21
(3020) E064  1110000001100100 (  84)                 LEA   R0 NEWLINE
(3021) F022  1111000000100010 (  85)                 TRAP  x22
(3022) 48AB  0100100010101011 (  88)                 JSR   MUL
(3023) E070  1110000001110000 (  91)                 LEA   R0 MULTIPLICATION
(3024) F022  1111000000100010 (  92)                 TRAP  x22
(3025) 209A  0010000010011010 (  93)                 LD    R0 MULLOC
(3026) 5260  0101001001100000 (  94)                 AND   R1 R1 #0
(3027) 1240  0001001001000000 (  95)                 ADD   R1 R1 R0
(3028) 2A91  0010101010010001 (  96)                 LD    R5 NEG48
(3029) 1245  0001001001000101 (  97)                 ADD   R1 R1 R5
(302A) 0401  0000010000000001 (  98)                 BRZ   REMAIN
(302B) F021  1111000000100001 (  99)                 TRAP  x21
(302C) 2096  0010000010010110 ( 100) REMAIN          LD    R0 MULREM
(302D) F021  1111000000100001 ( 101)                 TRAP  x21
(302E) E056  1110000001010110 ( 102)                 LEA   R0 NEWLINE
(302F) F022  1111000000100010 ( 103)                 TRAP  x22
(3030) 48B8  0100100010111000 ( 106)                 JSR   DIV
(3031) E072  1110000001110010 ( 109)                 LEA   R0 DIVISION
(3032) F022  1111000000100010 ( 110)                 TRAP  x22
(3033) 208D  0010000010001101 ( 111)                 LD    R0 DIVLOC
(3034) F021  1111000000100001 ( 112)                 TRAP  x21
(3035) E04F  1110000001001111 ( 113)                 LEA   R0 NEWLINE
(3036) F022  1111000000100010 ( 114)                 TRAP  x22
(3037) E076  1110000001110110 ( 115)                 LEA   R0 REMAINDER
(3038) F022  1111000000100010 ( 116)                 TRAP  x22
(3039) 2088  0010000010001000 ( 117)                 LD    R0 REMLOC
(303A) F021  1111000000100001 ( 118)                 TRAP  x21
(303B) E049  1110000001001001 ( 119)                 LEA   R0 NEWLINE
(303C) F022  1111000000100010 ( 120)                 TRAP  x22
(303D) F025  1111000000100101 ( 123)                 TRAP  x25
(303E) 0050  0000000001010000 ( 128) GREETING        .FILL x0050
(303F) 006C  0000000001101100 ( 128)                 .FILL x006C
(3040) 0065  0000000001100101 ( 128)                 .FILL x0065
(3041) 0061  0000000001100001 ( 128)                 .FILL x0061
(3042) 0073  0000000001110011 ( 128)                 .FILL x0073
(3043) 0065  0000000001100101 ( 128)                 .FILL x0065
(3044) 0020  0000000000100000 ( 128)                 .FILL x0020
(3045) 0065  0000000001100101 ( 128)                 .FILL x0065
(3046) 006E  0000000001101110 ( 128)                 .FILL x006E
(3047) 0074  0000000001110100 ( 128)                 .FILL x0074
(3048) 0065  0000000001100101 ( 128)                 .FILL x0065
(3049) 0072  0000000001110010 ( 128)                 .FILL x0072
(304A) 0020  0000000000100000 ( 128)                 .FILL x0020
(304B) 0061  0000000001100001 ( 128)                 .FILL x0061
(304C) 0020  0000000000100000 ( 128)                 .FILL x0020
(304D) 0031  0000000000110001 ( 128)                 .FILL x0031
(304E) 002D  0000000000101101 ( 128)                 .FILL x002D
(304F) 0064  0000000001100100 ( 128)                 .FILL x0064
(3050) 0069  0000000001101001 ( 128)                 .FILL x0069
(3051) 0067  0000000001100111 ( 128)                 .FILL x0067
(3052) 0069  0000000001101001 ( 128)                 .FILL x0069
(3053) 0074  0000000001110100 ( 128)                 .FILL x0074
(3054) 0020  0000000000100000 ( 128)                 .FILL x0020
(3055) 006E  0000000001101110 ( 128)                 .FILL x006E
(3056) 0075  0000000001110101 ( 128)                 .FILL x0075
(3057) 006D  0000000001101101 ( 128)                 .FILL x006D
(3058) 0062  0000000001100010 ( 128)                 .FILL x0062
(3059) 0065  0000000001100101 ( 128)                 .FILL x0065
(305A) 0072  0000000001110010 ( 128)                 .FILL x0072
(305B) 003A  0000000000111010 ( 128)                 .FILL x003A
(305C) 0020  0000000000100000 ( 128)                 .FILL x0020
(305D) 0000  0000000000000000 ( 128)                 .FILL x0000
(305E) 0050  0000000001010000 ( 129) GREETING2       .FILL x0050
(305F) 006C  0000000001101100 ( 129)                 .FILL x006C
(3060) 0065  0000000001100101 ( 129)                 .FILL x0065
(3061) 0061  0000000001100001 ( 129)                 .FILL x0061
(3062) 0073  0000000001110011 ( 129)                 .FILL x0073
(3063) 0065  0000000001100101 ( 129)                 .FILL x0065
(3064) 0020  0000000000100000 ( 129)                 .FILL x0020
(3065) 0065  0000000001100101 ( 129)                 .FILL x0065
(3066) 006E  0000000001101110 ( 129)                 .FILL x006E
(3067) 0074  0000000001110100 ( 129)                 .FILL x0074
(3068) 0065  0000000001100101 ( 129)                 .FILL x0065
(3069) 0072  0000000001110010 ( 129)                 .FILL x0072
(306A) 0020  0000000000100000 ( 129)                 .FILL x0020
(306B) 0061  0000000001100001 ( 129)                 .FILL x0061
(306C) 0020  0000000000100000 ( 129)                 .FILL x0020
(306D) 0073  0000000001110011 ( 129)                 .FILL x0073
(306E) 0065  0000000001100101 ( 129)                 .FILL x0065
(306F) 0063  0000000001100011 ( 129)                 .FILL x0063
(3070) 006F  0000000001101111 ( 129)                 .FILL x006F
(3071) 006E  0000000001101110 ( 129)                 .FILL x006E
(3072) 0064  0000000001100100 ( 129)                 .FILL x0064
(3073) 0020  0000000000100000 ( 129)                 .FILL x0020
(3074) 0031  0000000000110001 ( 129)                 .FILL x0031
(3075) 002D  0000000000101101 ( 129)                 .FILL x002D
(3076) 0064  0000000001100100 ( 129)                 .FILL x0064
(3077) 0069  0000000001101001 ( 129)                 .FILL x0069
(3078) 0067  0000000001100111 ( 129)                 .FILL x0067
(3079) 0069  0000000001101001 ( 129)                 .FILL x0069
(307A) 0074  0000000001110100 ( 129)                 .FILL x0074
(307B) 0020  0000000000100000 ( 129)                 .FILL x0020
(307C) 006E  0000000001101110 ( 129)                 .FILL x006E
(307D) 0075  0000000001110101 ( 129)                 .FILL x0075
(307E) 006D  0000000001101101 ( 129)                 .FILL x006D
(307F) 0062  0000000001100010 ( 129)                 .FILL x0062
(3080) 0065  0000000001100101 ( 129)                 .FILL x0065
(3081) 0072  0000000001110010 ( 129)                 .FILL x0072
(3082) 003A  0000000000111010 ( 129)                 .FILL x003A
(3083) 0020  0000000000100000 ( 129)                 .FILL x0020
(3084) 0000  0000000000000000 ( 129)                 .FILL x0000
(3085) 000A  0000000000001010 ( 130) NEWLINE         .FILL x000A
(3086) 0000  0000000000000000 ( 130)                 .FILL x0000
(3087) 0053  0000000001010011 ( 131) SUBTRACTION     .FILL x0053
(3088) 0075  0000000001110101 ( 131)                 .FILL x0075
(3089) 0062  0000000001100010 ( 131)                 .FILL x0062
(308A) 0074  0000000001110100 ( 131)                 .FILL x0074
(308B) 0072  0000000001110010 ( 131)                 .FILL x0072
(308C) 0061  0000000001100001 ( 131)                 .FILL x0061
(308D) 0063  0000000001100011 ( 131)                 .FILL x0063
(308E) 0074  0000000001110100 ( 131)                 .FILL x0074
(308F) 0065  0000000001100101 ( 131)                 .FILL x0065
(3090) 0064  0000000001100100 ( 131)                 .FILL x0064
(3091) 003A  0000000000111010 ( 131)                 .FILL x003A
(3092) 0020  0000000000100000 ( 131)                 .FILL x0020
(3093) 0000  0000000000000000 ( 131)                 .FILL x0000
(3094) 004D  0000000001001101 ( 132) MULTIPLICATION  .FILL x004D
(3095) 0075  0000000001110101 ( 132)                 .FILL x0075
(3096) 006C  0000000001101100 ( 132)                 .FILL x006C
(3097) 0074  0000000001110100 ( 132)                 .FILL x0074
(3098) 0069  0000000001101001 ( 132)                 .FILL x0069
(3099) 0070  0000000001110000 ( 132)                 .FILL x0070
(309A) 006C  0000000001101100 ( 132)                 .FILL x006C
(309B) 0069  0000000001101001 ( 132)                 .FILL x0069
(309C) 0063  0000000001100011 ( 132)                 .FILL x0063
(309D) 0061  0000000001100001 ( 132)                 .FILL x0061
(309E) 0074  0000000001110100 ( 132)                 .FILL x0074
(309F) 0065  0000000001100101 ( 132)                 .FILL x0065
(30A0) 0064  0000000001100100 ( 132)                 .FILL x0064
(30A1) 003A  0000000000111010 ( 132)                 .FILL x003A
(30A2) 0020  0000000000100000 ( 132)                 .FILL x0020
(30A3) 0000  0000000000000000 ( 132)                 .FILL x0000
(30A4) 0044  0000000001000100 ( 133) DIVISION        .FILL x0044
(30A5) 0069  0000000001101001 ( 133)                 .FILL x0069
(30A6) 0076  0000000001110110 ( 133)                 .FILL x0076
(30A7) 0069  0000000001101001 ( 133)                 .FILL x0069
(30A8) 0064  0000000001100100 ( 133)                 .FILL x0064
(30A9) 0065  0000000001100101 ( 133)                 .FILL x0065
(30AA) 0064  0000000001100100 ( 133)                 .FILL x0064
(30AB) 003A  0000000000111010 ( 133)                 .FILL x003A
(30AC) 0020  0000000000100000 ( 133)                 .FILL x0020
(30AD) 0000  0000000000000000 ( 133)                 .FILL x0000
(30AE) 0052  0000000001010010 ( 134) REMAINDER       .FILL x0052
(30AF) 0065  0000000001100101 ( 134)                 .FILL x0065
(30B0) 006D  0000000001101101 ( 134)                 .FILL x006D
(30B1) 0061  0000000001100001 ( 134)                 .FILL x0061
(30B2) 0069  0000000001101001 ( 134)                 .FILL x0069
(30B3) 006E  0000000001101110 ( 134)                 .FILL x006E
(30B4) 0064  0000000001100100 ( 134)                 .FILL x0064
(30B5) 0065  0000000001100101 ( 134)                 .FILL x0065
(30B6) 0072  0000000001110010 ( 134)                 .FILL x0072
(30B7) 003A  0000000000111010 ( 134)                 .FILL x003A
(30B8) 0020  0000000000100000 ( 134)                 .FILL x0020
(30B9) 0000  0000000000000000 ( 134)                 .FILL x0000
(30BA) FFD0  1111111111010000 ( 137) NEG48           .FILL xFFD0
(30BB) 0030  0000000000110000 ( 138) POS48           .FILL x0030
(30BC) 0000  0000000000000000 ( 139) USERINPUT       .FILL x0000
(30BD) 0000  0000000000000000 ( 140) USERINPUT2      .FILL x0000
(30BE) 0000  0000000000000000 ( 141) MEMR7           .FILL x0000
(30BF) 3100  0011000100000000 ( 142) SUBLOC          .FILL x3100
(30C0) 3101  0011000100000001 ( 143) MULLOC          .FILL x3101
(30C1) 3102  0011000100000010 ( 144) DIVLOC          .FILL x3102
(30C2) 3103  0011000100000011 ( 145) REMLOC          .FILL x3103
(30C3) 3104  0011000100000100 ( 146) MULREM          .FILL x3104
(30C4) 3FF9  0011111111111001 ( 150) SUB             ST    R7 MEMR7
(30C5) 23F7  0010001111110111 ( 151)                 LD    R1 USERINPUT2
(30C6) 21F5  0010000111110101 ( 152)                 LD    R0 USERINPUT
(30C7) 947F  1001010001111111 ( 153)                 NOT   R2 R1
(30C8) 12A1  0001001010100001 ( 154)                 ADD   R1 R2 #1
(30C9) 1001  0001000000000001 ( 155)                 ADD   R0 R0 R1
(30CA) 1006  0001000000000110 ( 156)                 ADD   R0 R0 R6
(30CB) 31F3  0011000111110011 ( 157)                 ST    R0 SUBLOC
(30CC) 2FF1  0010111111110001 ( 158)                 LD    R7 MEMR7
(30CD) C1C0  1100000111000000 ( 159)                 RET   
(30CE) 3FEF  0011111111101111 ( 163) MUL             ST    R7 MEMR7
(30CF) 23ED  0010001111101101 ( 164)                 LD    R1 USERINPUT2
(30D0) 29EB  0010100111101011 ( 165)                 LD    R4 USERINPUT
(30D1) 1460  0001010001100000 ( 166)                 ADD   R2 R1 #0
(30D2) 5020  0101000000100000 ( 167)                 AND   R0 R0 #0
(30D3) 1004  0001000000000100 ( 168) RESTART         ADD   R0 R0 R4
(30D4) 14BF  0001010010111111 ( 169)                 ADD   R2 R2 #-1
(30D5) 03FD  0000001111111101 ( 171)                 BRP   RESTART
(30D6) 5B60  0101101101100000 ( 172)                 AND   R5 R5 #0
(30D7) 1B76  0001101101110110 ( 173)                 ADD   R5 R5 #-10
(30D8) 56E0  0101011011100000 ( 174)                 AND   R3 R3 #0
(30D9) 5920  0101100100100000 ( 175)                 AND   R4 R4 #0
(30DA) 16E1  0001011011100001 ( 176) LOOP            ADD   R3 R3 #1
(30DB) 1005  0001000000000101 ( 177)                 ADD   R0 R0 R5
(30DC) 0802  0000100000000010 ( 178)                 BRN   NEG
(30DD) 0405  0000010000000101 ( 179)                 BRZ   ZERO
(30DE) 03FB  0000001111111011 ( 180)                 BRP   LOOP
(30DF) 16FF  0001011011111111 ( 181) NEG             ADD   R3 R3 #-1
(30E0) 5B60  0101101101100000 ( 182)                 AND   R5 R5 #0
(30E1) 1B6A  0001101101101010 ( 183)                 ADD   R5 R5 #10
(30E2) 1805  0001100000000101 ( 184)                 ADD   R4 R0 R5
(30E3) 16C6  0001011011000110 ( 185) ZERO            ADD   R3 R3 R6
(30E4) 1906  0001100100000110 ( 186)                 ADD   R4 R4 R6
(30E5) 37DA  0011011111011010 ( 187)                 ST    R3 MULLOC
(30E6) 39DC  0011100111011100 ( 188)                 ST    R4 MULREM
(30E7) 2FD6  0010111111010110 ( 189)                 LD    R7 MEMR7
(30E8) C1C0  1100000111000000 ( 190)                 RET   
(30E9) 3FD4  0011111111010100 ( 194) DIV             ST    R7 MEMR7
(30EA) 23D2  0010001111010010 ( 195)                 LD    R1 USERINPUT2
(30EB) 21D0  0010000111010000 ( 196)                 LD    R0 USERINPUT
(30EC) 56E0  0101011011100000 ( 197)                 AND   R3 R3 #0
(30ED) 5920  0101100100100000 ( 198)                 AND   R4 R4 #0
(30EE) 947F  1001010001111111 ( 199)                 NOT   R2 R1
(30EF) 14A1  0001010010100001 ( 200)                 ADD   R2 R2 #1
(30F0) 16E1  0001011011100001 ( 201) LOOP1           ADD   R3 R3 #1
(30F1) 1002  0001000000000010 ( 202)                 ADD   R0 R0 R2
(30F2) 0802  0000100000000010 ( 203)                 BRN   NEG1
(30F3) 0403  0000010000000011 ( 204)                 BRZ   ZERO1
(30F4) 03FB  0000001111111011 ( 205)                 BRP   LOOP1
(30F5) 16FF  0001011011111111 ( 206) NEG1            ADD   R3 R3 #-1
(30F6) 1801  0001100000000001 ( 207)                 ADD   R4 R0 R1
(30F7) 1906  0001100100000110 ( 208) ZERO1           ADD   R4 R4 R6
(30F8) 16C6  0001011011000110 ( 209)                 ADD   R3 R3 R6
(30F9) 37C7  0011011111000111 ( 210)                 ST    R3 DIVLOC
(30FA) 39C7  0011100111000111 ( 211)                 ST    R4 REMLOC
(30FB) 2FC2  0010111111000010 ( 212)                 LD    R7 MEMR7
(30FC) C1C0  1100000111000000 ( 213)                 RET   
