(0000) 3000  0011000000000000 (  11)                 .ORIG x3000
(3000) 4926  0100100100100110 (  15) START           JSR   CLEAR
(3001) E0C9  1110000011001001 (  18)                 LEA   R0 NEWLINE
(3002) F022  1111000000100010 (  19)                 TRAP  x22
(3003) E0C9  1110000011001001 (  22)                 LEA   R0 GREETING1
(3004) F022  1111000000100010 (  23)                 TRAP  x22
(3005) F020  1111000000100000 (  26)                 TRAP  x20
(3006) F021  1111000000100001 (  27)                 TRAP  x21
(3007) 30A7  0011000010100111 (  30)                 ST    R0 ONENUM1
(3008) F020  1111000000100000 (  33)                 TRAP  x20
(3009) F021  1111000000100001 (  34)                 TRAP  x21
(300A) 30A5  0011000010100101 (  37)                 ST    R0 ONENUM2
(300B) E0BF  1110000010111111 (  40)                 LEA   R0 NEWLINE
(300C) F022  1111000000100010 (  41)                 TRAP  x22
(300D) E0D2  1110000011010010 (  44)                 LEA   R0 GREETING2
(300E) F022  1111000000100010 (  45)                 TRAP  x22
(300F) F020  1111000000100000 (  48)                 TRAP  x20
(3010) F021  1111000000100001 (  49)                 TRAP  x21
(3011) 309F  0011000010011111 (  52)                 ST    R0 TWONUM1
(3012) F020  1111000000100000 (  55)                 TRAP  x20
(3013) F021  1111000000100001 (  56)                 TRAP  x21
(3014) 309D  0011000010011101 (  59)                 ST    R0 TWONUM2
(3015) E0B5  1110000010110101 (  62)                 LEA   R0 NEWLINE
(3016) F022  1111000000100010 (  63)                 TRAP  x22
(3017) 2297  0010001010010111 (  66)                 LD    R1 ONENUM1
(3018) 2497  0010010010010111 (  67)                 LD    R2 ONENUM2
(3019) 4915  0100100100010101 (  68)                 JSR   CONV
(301A) B8A4  1011100010100100 (  69)                 STI   R4 NUMBER1
(301B) 2295  0010001010010101 (  72)                 LD    R1 TWONUM1
(301C) 2495  0010010010010101 (  73)                 LD    R2 TWONUM2
(301D) 4911  0100100100010001 (  74)                 JSR   CONV
(301E) B8A1  1011100010100001 (  75)                 STI   R4 NUMBER2
(301F) A29F  1010001010011111 (  78)                 LDI   R1 NUMBER1
(3020) 249C  0010010010011100 (  81)                 LD    R2 MASK
(3021) 2897  0010100010010111 (  84)                 LD    R4 COUNT
(3022) 4917  0100100100010111 (  85)                 JSR   FLOAT
(3023) B89D  1011100010011101 (  86)                 STI   R4 EXPO1
(3024) 94BF  1001010010111111 (  87)                 NOT   R2 R2
(3025) 5A42  0101101001000010 (  88)                 AND   R5 R1 R2
(3026) BA9B  1011101010011011 (  89)                 STI   R5 FRAC1
(3027) A298  1010001010011000 (  92)                 LDI   R1 NUMBER2
(3028) 2494  0010010010010100 (  93)                 LD    R2 MASK
(3029) 288F  0010100010001111 (  96)                 LD    R4 COUNT
(302A) 490F  0100100100001111 (  97)                 JSR   FLOAT
(302B) B897  1011100010010111 (  98)                 STI   R4 EXPO2
(302C) 94BF  1001010010111111 (  99)                 NOT   R2 R2
(302D) 5A42  0101101001000010 ( 100)                 AND   R5 R1 R2
(302E) BA95  1011101010010101 ( 101)                 STI   R5 FRAC2
(302F) 48F7  0100100011110111 ( 105)                 JSR   CLEAR
(3030) A090  1010000010010000 ( 106)                 LDI   R0 EXPO1
(3031) A290  1010001010010000 ( 107)                 LDI   R1 FRAC1
(3032) 14AA  0001010010101010 ( 110)                 ADD   R2 R2 #10
(3033) 490B  0100100100001011 ( 111)                 JSR   COMB
(3034) 1601  0001011000000001 ( 112)                 ADD   R3 R0 R1
(3035) B68F  1011011010001111 ( 113)                 STI   R3 RESULT1
(3036) A08C  1010000010001100 ( 117)                 LDI   R0 EXPO2
(3037) A28C  1010001010001100 ( 118)                 LDI   R1 FRAC2
(3038) 14AA  0001010010101010 ( 121)                 ADD   R2 R2 #10
(3039) 4905  0100100100000101 ( 122)                 JSR   COMB
(303A) 1601  0001011000000001 ( 123)                 ADD   R3 R0 R1
(303B) B68A  1011011010001010 ( 124)                 STI   R3 RESULT2
(303C) E08E  1110000010001110 ( 127)                 LEA   R0 NEWLINE
(303D) F022  1111000000100010 ( 128)                 TRAP  x22
(303E) 48E8  0100100011101000 ( 130)                 JSR   CLEAR
(303F) 14A1  0001010010100001 ( 133)                 ADD   R2 R2 #1
(3040) 16E6  0001011011100110 ( 134)                 ADD   R3 R3 #6
(3041) 192F  0001100100101111 ( 136)                 ADD   R4 R4 #15
(3042) 1921  0001100100100001 ( 137)                 ADD   R4 R4 #1
(3043) A281  1010001010000001 ( 138)                 LDI   R1 RESULT1
(3044) E0B0  1110000010110000 ( 141)                 LEA   R0 FLOATPOINT1
(3045) F022  1111000000100010 ( 142)                 TRAP  x22
(3046) 48FC  0100100011111100 ( 143)                 JSR   PRIFLO
(3047) E083  1110000010000011 ( 146)                 LEA   R0 NEWLINE
(3048) F022  1111000000100010 ( 147)                 TRAP  x22
(3049) 48DD  0100100011011101 ( 149)                 JSR   CLEAR
(304A) 14A1  0001010010100001 ( 151)                 ADD   R2 R2 #1
(304B) 16E6  0001011011100110 ( 152)                 ADD   R3 R3 #6
(304C) 192F  0001100100101111 ( 154)                 ADD   R4 R4 #15
(304D) 1921  0001100100100001 ( 155)                 ADD   R4 R4 #1
(304E) A277  1010001001110111 ( 156)                 LDI   R1 RESULT2
(304F) E0B8  1110000010111000 ( 159)                 LEA   R0 FLOATPOINT2
(3050) F022  1111000000100010 ( 160)                 TRAP  x22
(3051) 48F1  0100100011110001 ( 161)                 JSR   PRIFLO
(3052) E078  1110000001111000 ( 164)                 LEA   R0 NEWLINE
(3053) F022  1111000000100010 ( 165)                 TRAP  x22
(3054) 48D2  0100100011010010 ( 169)                 JSR   CLEAR
(3055) A06B  1010000001101011 ( 170)                 LDI   R0 EXPO1
(3056) A26C  1010001001101100 ( 171)                 LDI   R1 EXPO2
(3057) 1001  0001000000000001 ( 172)                 ADD   R0 R0 R1
(3058) 1031  0001000000110001 ( 175)                 ADD   R0 R0 #-15
(3059) B06D  1011000001101101 ( 176)                 STI   R0 EXPOFIN
(305A) 48CC  0100100011001100 ( 178)                 JSR   CLEAR
(305B) 2461  0010010001100001 ( 181)                 LD    R2 MASK
(305C) A065  1010000001100101 ( 182)                 LDI   R0 FRAC1
(305D) 1002  0001000000000010 ( 185)                 ADD   R0 R0 R2
(305E) 4902  0100100100000010 ( 188)                 JSR   SHIFT
(305F) B262  1011001001100010 ( 189)                 STI   R1 FRAC1
(3060) 5260  0101001001100000 ( 190)                 AND   R1 R1 #0
(3061) A060  1010000001100000 ( 191)                 LDI   R0 FRAC1
(3062) 48FE  0100100011111110 ( 193)                 JSR   SHIFT
(3063) B25E  1011001001011110 ( 194)                 STI   R1 FRAC1
(3064) 5260  0101001001100000 ( 196)                 AND   R1 R1 #0
(3065) A05C  1010000001011100 ( 197)                 LDI   R0 FRAC1
(3066) 48FA  0100100011111010 ( 199)                 JSR   SHIFT
(3067) B25A  1011001001011010 ( 200)                 STI   R1 FRAC1
(3068) 5260  0101001001100000 ( 202)                 AND   R1 R1 #0
(3069) A058  1010000001011000 ( 203)                 LDI   R0 FRAC1
(306A) 48F6  0100100011110110 ( 205)                 JSR   SHIFT
(306B) B256  1011001001010110 ( 206)                 STI   R1 FRAC1
(306C) 5260  0101001001100000 ( 208)                 AND   R1 R1 #0
(306D) A056  1010000001010110 ( 209)                 LDI   R0 FRAC2
(306E) 1002  0001000000000010 ( 212)                 ADD   R0 R0 R2
(306F) 48F1  0100100011110001 ( 215)                 JSR   SHIFT
(3070) B253  1011001001010011 ( 216)                 STI   R1 FRAC2
(3071) 5260  0101001001100000 ( 218)                 AND   R1 R1 #0
(3072) A051  1010000001010001 ( 219)                 LDI   R0 FRAC2
(3073) 48ED  0100100011101101 ( 221)                 JSR   SHIFT
(3074) B24F  1011001001001111 ( 222)                 STI   R1 FRAC2
(3075) 5260  0101001001100000 ( 224)                 AND   R1 R1 #0
(3076) A04D  1010000001001101 ( 225)                 LDI   R0 FRAC2
(3077) 48E9  0100100011101001 ( 227)                 JSR   SHIFT
(3078) B24B  1011001001001011 ( 228)                 STI   R1 FRAC2
(3079) 5260  0101001001100000 ( 230)                 AND   R1 R1 #0
(307A) A049  1010000001001001 ( 231)                 LDI   R0 FRAC2
(307B) 48E5  0100100011100101 ( 233)                 JSR   SHIFT
(307C) B247  1011001001000111 ( 234)                 STI   R1 FRAC2
(307D) A044  1010000001000100 ( 235)                 LDI   R0 FRAC1
(307E) A245  1010001001000101 ( 236)                 LDI   R1 FRAC2
(307F) 1603  0001011000000011 ( 239)                 ADD   R3 R0 R3
(3080) 127F  0001001001111111 ( 242)                 ADD   R1 R1 #-1
(3081) 1003  0001000000000011 ( 248) MULTIPLY        ADD   R0 R0 R3
(3082) 127F  0001001001111111 ( 250)                 ADD   R1 R1 #-1
(3083) 03FD  0000001111111101 ( 251)                 BRP   MULTIPLY
(3084) B043  1011000001000011 ( 253)                 STI   R0 MANTFIN
(3085) 2838  0010100000111000 ( 256)                 LD    R4 MULTMASK
(3086) 5B00  0101101100000000 ( 259)                 AND   R5 R4 R0
(3087) 0407  0000010000000111 ( 263)                 BRZ   SKIP
(3088) AC3E  1010110000111110 ( 266)                 LDI   R6 EXPOFIN
(3089) 1DA1  0001110110100001 ( 267)                 ADD   R6 R6 #1
(308A) BC3C  1011110000111100 ( 268)                 STI   R6 EXPOFIN
(308B) 5260  0101001001100000 ( 272)                 AND   R1 R1 #0
(308C) 48D4  0100100011010100 ( 273)                 JSR   SHIFT
(308D) B23A  1011001000111010 ( 274)                 STI   R1 MANTFIN
(308E) A039  1010000000111001 ( 276)                 LDI   R0 MANTFIN
(308F) 5260  0101001001100000 ( 278) SKIP            AND   R1 R1 #0
(3090) 48D0  0100100011010000 ( 279)                 JSR   SHIFT
(3091) B236  1011001000110110 ( 280)                 STI   R1 MANTFIN
(3092) A035  1010000000110101 ( 282)                 LDI   R0 MANTFIN
(3093) 5260  0101001001100000 ( 284)                 AND   R1 R1 #0
(3094) 48CC  0100100011001100 ( 285)                 JSR   SHIFT
(3095) 2427  0010010000100111 ( 287)                 LD    R2 MASK
(3096) 94BF  1001010010111111 ( 288)                 NOT   R2 R2
(3097) 5242  0101001001000010 ( 289)                 AND   R1 R1 R2
(3098) B22F  1011001000101111 ( 290)                 STI   R1 MANTFIN
(3099) 488D  0100100010001101 ( 295)                 JSR   CLEAR
(309A) A02C  1010000000101100 ( 296)                 LDI   R0 EXPOFIN
(309B) A22C  1010001000101100 ( 297)                 LDI   R1 MANTFIN
(309C) 14AA  0001010010101010 ( 300)                 ADD   R2 R2 #10
(309D) 48A1  0100100010100001 ( 301)                 JSR   COMB
(309E) 1601  0001011000000001 ( 302)                 ADD   R3 R0 R1
(309F) B629  1011011000101001 ( 303)                 STI   R3 FINALNUM
(30A0) E02A  1110000000101010 ( 306)                 LEA   R0 NEWLINE
(30A1) F022  1111000000100010 ( 307)                 TRAP  x22
(30A2) 4884  0100100010000100 ( 309)                 JSR   CLEAR
(30A3) 14A1  0001010010100001 ( 312)                 ADD   R2 R2 #1
(30A4) 16E6  0001011011100110 ( 313)                 ADD   R3 R3 #6
(30A5) 192F  0001100100101111 ( 314)                 ADD   R4 R4 #15
(30A6) 1921  0001100100100001 ( 315)                 ADD   R4 R4 #1
(30A7) A221  1010001000100001 ( 316)                 LDI   R1 FINALNUM
(30A8) E072  1110000001110010 ( 319)                 LEA   R0 MULTSTRING
(30A9) F022  1111000000100010 ( 320)                 TRAP  x22
(30AA) 4898  0100100010011000 ( 323)                 JSR   PRIFLO
(30AB) E01F  1110000000011111 ( 326)                 LEA   R0 NEWLINE
(30AC) F022  1111000000100010 ( 327)                 TRAP  x22
(30AD) 4F52  0100111101010010 ( 330)                 JSR   START
(30AE) F025  1111000000100101 ( 333)                 TRAP  x25
(30AF) 0000  0000000000000000 ( 340) ONENUM1         .FILL x0000
(30B0) 0000  0000000000000000 ( 341) ONENUM2         .FILL x0000
(30B1) 0000  0000000000000000 ( 342) TWONUM1         .FILL x0000
(30B2) 0000  0000000000000000 ( 343) TWONUM2         .FILL x0000
(30B3) 0000  0000000000000000 ( 344) LOOPS           .FILL x0000
(30B4) 0000  0000000000000000 ( 345) SIGN            .FILL x0000
(30B5) 0000  0000000000000000 ( 346) SIGN1           .FILL x0000
(30B6) 0000  0000000000000000 ( 347) SIGN2           .FILL x0000
(30B7) 0000  0000000000000000 ( 348) POSNEG          .FILL x0000
(30B8) 0000  0000000000000000 ( 349) MEMR7           .FILL x0000
(30B9) 0019  0000000000011001 ( 350) COUNT           .FILL x0019
(30BA) FFD3  1111111111010011 ( 351) NEG45           .FILL xFFD3
(30BB) FFD0  1111111111010000 ( 352) NEG48           .FILL xFFD0
(30BC) 0030  0000000000110000 ( 353) POS48           .FILL x0030
(30BD) 0400  0000010000000000 ( 354) MASK            .FILL x0400
(30BE) 2000  0010000000000000 ( 355) MULTMASK        .FILL x2000
(30BF) 4100  0100000100000000 ( 356) NUMBER1         .FILL x4100
(30C0) 4101  0100000100000001 ( 357) NUMBER2         .FILL x4101
(30C1) 4102  0100000100000010 ( 358) EXPO1           .FILL x4102
(30C2) 4103  0100000100000011 ( 359) FRAC1           .FILL x4103
(30C3) 4104  0100000100000100 ( 360) EXPO2           .FILL x4104
(30C4) 4105  0100000100000101 ( 361) FRAC2           .FILL x4105
(30C5) 4106  0100000100000110 ( 362) RESULT1         .FILL x4106
(30C6) 4107  0100000100000111 ( 363) RESULT2         .FILL x4107
(30C7) 4108  0100000100001000 ( 364) EXPOFIN         .FILL x4108
(30C8) 4109  0100000100001001 ( 365) MANTFIN         .FILL x4109
(30C9) 410A  0100000100001010 ( 366) FINALNUM        .FILL x410A
(30CA) 8000  1000000000000000 ( 367) NEGS            .FILL x8000
(30CB) 000A  0000000000001010 ( 370) NEWLINE         .FILL x000A
(30CC) 0000  0000000000000000 ( 370)                 .FILL x0000
(30CD) 0045  0000000001000101 ( 371) GREETING1       .FILL x0045
(30CE) 006E  0000000001101110 ( 371)                 .FILL x006E
(30CF) 0074  0000000001110100 ( 371)                 .FILL x0074
(30D0) 0065  0000000001100101 ( 371)                 .FILL x0065
(30D1) 0072  0000000001110010 ( 371)                 .FILL x0072
(30D2) 0020  0000000000100000 ( 371)                 .FILL x0020
(30D3) 0031  0000000000110001 ( 371)                 .FILL x0031
(30D4) 0073  0000000001110011 ( 371)                 .FILL x0073
(30D5) 0074  0000000001110100 ( 371)                 .FILL x0074
(30D6) 0020  0000000000100000 ( 371)                 .FILL x0020
(30D7) 006E  0000000001101110 ( 371)                 .FILL x006E
(30D8) 0075  0000000001110101 ( 371)                 .FILL x0075
(30D9) 006D  0000000001101101 ( 371)                 .FILL x006D
(30DA) 0062  0000000001100010 ( 371)                 .FILL x0062
(30DB) 0065  0000000001100101 ( 371)                 .FILL x0065
(30DC) 0072  0000000001110010 ( 371)                 .FILL x0072
(30DD) 003A  0000000000111010 ( 371)                 .FILL x003A
(30DE) 0020  0000000000100000 ( 371)                 .FILL x0020
(30DF) 0000  0000000000000000 ( 371)                 .FILL x0000
(30E0) 0045  0000000001000101 ( 372) GREETING2       .FILL x0045
(30E1) 006E  0000000001101110 ( 372)                 .FILL x006E
(30E2) 0074  0000000001110100 ( 372)                 .FILL x0074
(30E3) 0065  0000000001100101 ( 372)                 .FILL x0065
(30E4) 0072  0000000001110010 ( 372)                 .FILL x0072
(30E5) 0020  0000000000100000 ( 372)                 .FILL x0020
(30E6) 0032  0000000000110010 ( 372)                 .FILL x0032
(30E7) 006E  0000000001101110 ( 372)                 .FILL x006E
(30E8) 0064  0000000001100100 ( 372)                 .FILL x0064
(30E9) 0020  0000000000100000 ( 372)                 .FILL x0020
(30EA) 006E  0000000001101110 ( 372)                 .FILL x006E
(30EB) 0075  0000000001110101 ( 372)                 .FILL x0075
(30EC) 006D  0000000001101101 ( 372)                 .FILL x006D
(30ED) 0062  0000000001100010 ( 372)                 .FILL x0062
(30EE) 0065  0000000001100101 ( 372)                 .FILL x0065
(30EF) 0072  0000000001110010 ( 372)                 .FILL x0072
(30F0) 003A  0000000000111010 ( 372)                 .FILL x003A
(30F1) 0020  0000000000100000 ( 372)                 .FILL x0020
(30F2) 0000  0000000000000000 ( 372)                 .FILL x0000
(30F3) 0020  0000000000100000 ( 373) SPACE           .FILL x0020
(30F4) 0000  0000000000000000 ( 373)                 .FILL x0000
(30F5) 0046  0000000001000110 ( 374) FLOATPOINT1     .FILL x0046
(30F6) 006C  0000000001101100 ( 374)                 .FILL x006C
(30F7) 006F  0000000001101111 ( 374)                 .FILL x006F
(30F8) 0061  0000000001100001 ( 374)                 .FILL x0061
(30F9) 0074  0000000001110100 ( 374)                 .FILL x0074
(30FA) 0069  0000000001101001 ( 374)                 .FILL x0069
(30FB) 006E  0000000001101110 ( 374)                 .FILL x006E
(30FC) 0067  0000000001100111 ( 374)                 .FILL x0067
(30FD) 0020  0000000000100000 ( 374)                 .FILL x0020
(30FE) 0050  0000000001010000 ( 374)                 .FILL x0050
(30FF) 006F  0000000001101111 ( 374)                 .FILL x006F
(3100) 0069  0000000001101001 ( 374)                 .FILL x0069
(3101) 006E  0000000001101110 ( 374)                 .FILL x006E
(3102) 0074  0000000001110100 ( 374)                 .FILL x0074
(3103) 0020  0000000000100000 ( 374)                 .FILL x0020
(3104) 0031  0000000000110001 ( 374)                 .FILL x0031
(3105) 003A  0000000000111010 ( 374)                 .FILL x003A
(3106) 0020  0000000000100000 ( 374)                 .FILL x0020
(3107) 0000  0000000000000000 ( 374)                 .FILL x0000
(3108) 0046  0000000001000110 ( 375) FLOATPOINT2     .FILL x0046
(3109) 006C  0000000001101100 ( 375)                 .FILL x006C
(310A) 006F  0000000001101111 ( 375)                 .FILL x006F
(310B) 0061  0000000001100001 ( 375)                 .FILL x0061
(310C) 0074  0000000001110100 ( 375)                 .FILL x0074
(310D) 0069  0000000001101001 ( 375)                 .FILL x0069
(310E) 006E  0000000001101110 ( 375)                 .FILL x006E
(310F) 0067  0000000001100111 ( 375)                 .FILL x0067
(3110) 0020  0000000000100000 ( 375)                 .FILL x0020
(3111) 0050  0000000001010000 ( 375)                 .FILL x0050
(3112) 006F  0000000001101111 ( 375)                 .FILL x006F
(3113) 0069  0000000001101001 ( 375)                 .FILL x0069
(3114) 006E  0000000001101110 ( 375)                 .FILL x006E
(3115) 0074  0000000001110100 ( 375)                 .FILL x0074
(3116) 0020  0000000000100000 ( 375)                 .FILL x0020
(3117) 0032  0000000000110010 ( 375)                 .FILL x0032
(3118) 003A  0000000000111010 ( 375)                 .FILL x003A
(3119) 0020  0000000000100000 ( 375)                 .FILL x0020
(311A) 0000  0000000000000000 ( 375)                 .FILL x0000
(311B) 0050  0000000001010000 ( 376) MULTSTRING      .FILL x0050
(311C) 0072  0000000001110010 ( 376)                 .FILL x0072
(311D) 006F  0000000001101111 ( 376)                 .FILL x006F
(311E) 0064  0000000001100100 ( 376)                 .FILL x0064
(311F) 0075  0000000001110101 ( 376)                 .FILL x0075
(3120) 0063  0000000001100011 ( 376)                 .FILL x0063
(3121) 0074  0000000001110100 ( 376)                 .FILL x0074
(3122) 003A  0000000000111010 ( 376)                 .FILL x003A
(3123) 0020  0000000000100000 ( 376)                 .FILL x0020
(3124) 0020  0000000000100000 ( 376)                 .FILL x0020
(3125) 0020  0000000000100000 ( 376)                 .FILL x0020
(3126) 0000  0000000000000000 ( 376)                 .FILL x0000
(3127) 5020  0101000000100000 ( 380) CLEAR           AND   R0 R0 #0
(3128) 5220  0101001000100000 ( 381)                 AND   R1 R0 #0
(3129) 5420  0101010000100000 ( 382)                 AND   R2 R0 #0
(312A) 5620  0101011000100000 ( 383)                 AND   R3 R0 #0
(312B) 5820  0101100000100000 ( 384)                 AND   R4 R0 #0
(312C) 5A20  0101101000100000 ( 385)                 AND   R5 R0 #0
(312D) 5C20  0101110000100000 ( 386)                 AND   R6 R0 #0
(312E) C1C0  1100000111000000 ( 387)                 RET   
(312F) 3F88  0011111110001000 ( 391) CONV            ST    R7 MEMR7
(3130) 2D8A  0010110110001010 ( 392)                 LD    R6 NEG48
(3131) 1246  0001001001000110 ( 393)                 ADD   R1 R1 R6
(3132) 1486  0001010010000110 ( 394)                 ADD   R2 R2 R6
(3133) 16E9  0001011011101001 ( 396)                 ADD   R3 R3 #9
(3134) 1A60  0001101001100000 ( 397)                 ADD   R5 R1 #0
(3135) 1341  0001001101000001 ( 399) MULTI           ADD   R1 R5 R1
(3136) 16FF  0001011011111111 ( 400)                 ADD   R3 R3 #-1
(3137) 0BFD  0000101111111101 ( 401)                 BRNP  MULTI
(3138) 1842  0001100001000010 ( 402)                 ADD   R4 R1 R2
(3139) C1C0  1100000111000000 ( 403)                 RET   
(313A) 193F  0001100100111111 ( 408) FLOAT           ADD   R4 R4 #-1
(313B) 1241  0001001001000001 ( 410)                 ADD   R1 R1 R1
(313C) 5642  0101011001000010 ( 411)                 AND   R3 R1 R2
(313D) 05FC  0000010111111100 ( 412)                 BRZ   FLOAT
(313E) C1C0  1100000111000000 ( 413)                 RET   
(313F) 1000  0001000000000000 ( 417) COMB            ADD   R0 R0 R0
(3140) 14BF  0001010010111111 ( 418)                 ADD   R2 R2 #-1
(3141) 03FD  0000001111111101 ( 419)                 BRP   COMB
(3142) C1C0  1100000111000000 ( 420)                 RET   
(3143) 3F6F  0011111101101111 ( 426) PRIFLO          ST    R7 LOOPS
(3144) 1260  0001001001100000 ( 427) LOOPER          ADD   R1 R1 #0
(3145) 080A  0000100000001010 ( 429)                 BRN   PRINT1
(3146) 0E0F  0000111000001111 ( 431)                 BRNZP PRINT0
(3147) 1241  0001001001000001 ( 433) SPOT1           ADD   R1 R1 R1
(3148) 14BF  0001010010111111 ( 435)                 ADD   R2 R2 #-1
(3149) 0411  0000010000010001 ( 438)                 BRZ   PRINTSPA1
(314A) 16FF  0001011011111111 ( 439) SPOT2           ADD   R3 R3 #-1
(314B) 0412  0000010000010010 ( 440)                 BRZ   PRINTSPA2
(314C) 193F  0001100100111111 ( 441) SPOT3           ADD   R4 R4 #-1
(314D) 03F6  0000001111110110 ( 442)                 BRP   LOOPER
(314E) 2F64  0010111101100100 ( 444)                 LD    R7 LOOPS
(314F) C1C0  1100000111000000 ( 445)                 RET   
(3150) 5020  0101000000100000 ( 448) PRINT1          AND   R0 R0 #0
(3151) 1021  0001000000100001 ( 449)                 ADD   R0 R0 #1
(3152) 2D69  0010110101101001 ( 451)                 LD    R6 POS48
(3153) 1006  0001000000000110 ( 452)                 ADD   R0 R0 R6
(3154) F021  1111000000100001 ( 453)                 TRAP  x21
(3155) 0FF1  0000111111110001 ( 454)                 BRNZP SPOT1
(3156) 5020  0101000000100000 ( 456) PRINT0          AND   R0 R0 #0
(3157) 2D64  0010110101100100 ( 458)                 LD    R6 POS48
(3158) 1006  0001000000000110 ( 459)                 ADD   R0 R0 R6
(3159) F021  1111000000100001 ( 460)                 TRAP  x21
(315A) 0FEC  0000111111101100 ( 461)                 BRNZP SPOT1
(315B) E197  1110000110010111 ( 463) PRINTSPA1       LEA   R0 SPACE
(315C) F022  1111000000100010 ( 464)                 TRAP  x22
(315D) 0FEC  0000111111101100 ( 465)                 BRNZP SPOT2
(315E) E194  1110000110010100 ( 467) PRINTSPA2       LEA   R0 SPACE
(315F) F022  1111000000100010 ( 468)                 TRAP  x22
(3160) 0FEB  0000111111101011 ( 469)                 BRNZP SPOT3
(3161) 1261  0001001001100001 ( 472) SHIFT           ADD   R1 R1 #1
(3162) 103E  0001000000111110 ( 473)                 ADD   R0 R0 #-2
(3163) 03FD  0000001111111101 ( 474)                 BRP   SHIFT
(3164) C1C0  1100000111000000 ( 475)                 RET   
